Arguments: 
  /usr/bin/node /usr/share/yarn/bin/yarn.js add react react-dom

PATH: 
  /root/.vscode-server/bin/5e805b79fcb6ba4c2d23712967df89a089da575b/bin/remote-cli:/usr/local/sbin:/usr/local/bin:/usr/sbin:/usr/bin:/sbin:/bin:/usr/games:/usr/local/games:/usr/lib/wsl/lib:/mnt/c/Program Files/WindowsApps/CanonicalGroupLimited.Ubuntu_2204.1.8.0_x64__79rhkp1fndgsc:/mnt/c/WINDOWS/system32:/mnt/c/WINDOWS:/mnt/c/WINDOWS/System32/Wbem:/mnt/c/WINDOWS/System32/WindowsPowerShell/v1.0/:/mnt/c/WINDOWS/System32/OpenSSH/:/mnt/c/Program Files/Git/cmd:/mnt/c/Program Files/PostgreSQL/13/bin:/mnt/c/Program Files:/mnt/c/Program Files/MATLAB/R2018a/bin:/mnt/c/Program Files/nodejs/:/mnt/c/Users/user/AppData/Local/Yarn/bin:/mnt/c/Program Files/MySQL/MySQL Server 8.0/bin:/mnt/c/Program Files/Docker/Docker/resources/bin:/mnt/c/ProgramData/DockerDesktop/version-bin:/mnt/c/HashiCorp/Vagrant/bin:/mnt/c/Program Files/MySQL/MySQL Shell 8.0/bin/:/mnt/c/Users/user/AppData/Local/Programs/Python/Python310/Scripts/:/mnt/c/Users/user/AppData/Local/Programs/Python/Python310/:/mnt/c/Users/user/AppData/Local/Microsoft/WindowsApps:/mnt/c/Users/user/AppData/Local/Programs/Microsoft VS Code/bin:/mnt/c/Program Files/Git:/mnt/c/Program Files/JetBrains/PyCharm 2021.3/bin:/mnt/c/Program Files/JetBrains/PyCharm Community Edition 2021.3.2/bin:/mnt/c/Users/user/AppData/Roaming/npm:/mnt/c/Users/user/AppData/Local/GitHubDesktop/bin:/snap/bin

Yarn version: 
  1.22.19

Node version: 
  17.9.0

Platform: 
  linux x64

Trace: 
  Error: ENOENT: no such file or directory, lstat '/root/github/nexai/node_modules/loose-envify'

npm manifest: 
  {
    "name": "nexai_assets",
    "version": "0.1.0",
    "description": "Internet Computer starter application",
    "keywords": ["Internet Computer", "Motoko", "JavaScript", "Canister"],
    "scripts": {
      "build": "webpack",
      "prebuild": "npm run copy:types",
      "start": "webpack serve --mode development --env development",
      "prestart": "npm run copy:types",
      "copy:types": "rsync -avr .dfx/$(echo ${DFX_NETWORK:-'**'})/canisters/** --exclude='assets/' --exclude='idl/' --exclude='*.wasm' --exclude='*.most' --delete src/declarations"
    },
    "devDependencies": {
      "@dfinity/agent": "0.15.4",
      "@dfinity/candid": "0.15.4",
      "@dfinity/principal": "0.15.4",
      "assert": "2.0.0",
      "buffer": "6.0.3",
      "events": "3.3.0",
      "html-webpack-plugin": "5.5.0",
      "process": "0.11.10",
      "stream-browserify": "3.0.0",
      "terser-webpack-plugin": "5.2.5",
      "util": "0.12.4",
      "webpack": "5.72.0",
      "webpack-cli": "4.9.2",
      "webpack-dev-server": "^4.8.1"
    },
    "engines": {
      "node": "^12 || ^14 || ^16 || ^18"
    },
    "browserslist": [
      "last 2 chrome version",
      "last 2 firefox version",
      "last 2 safari version",
      "last 2 edge version"
    ]
  }

yarn manifest: 
  No manifest

Lockfile: 
  No lockfile
